<?xml version="1.0" encoding="UTF-8"?>
<!-- Generated by org.testng.reporters.JUnitReportReporter -->
<testsuite hostname="DESKTOP-R4J9CF0" failures="0" tests="1" name="com.spicejet.Soicejet" time="17.131" errors="0" timestamp="25 Feb 2023 07:27:00 GMT" skipped="0">
  <testcase classname="com.spicejet.Soicejet" name="searchFlight" time="17.131"/>
</testsuite> <!-- com.spicejet.Soicejet -->
