<?xml version="1.0" encoding="UTF-8"?>
<!-- Generated by org.testng.reporters.JUnitReportReporter -->
<testsuite hostname="DESKTOP-R4J9CF0" failures="0" tests="1" name="com.makemytrip.SearchForTheFlight" time="13.151" errors="0" timestamp="27 Feb 2023 06:42:16 GMT" skipped="0">
  <testcase classname="com.makemytrip.SearchForTheFlight" name="searchForFlight" time="13.151"/>
</testsuite> <!-- com.makemytrip.SearchForTheFlight -->
